  Проверка источников на наличие зависимостей модуля…
  student.1bib21041.Lab2.Variant7.Task1.ixx
  student2.1bib21041.Lab2.Variant7.Task3.ixx
  student1.1bib21041.Lab2.Variant7.Task2.ixx
  student3.1bib21041.Lab2.Variant7.Task4.ixx
  student4.1bib21041.Lab2.Variant7.Task5.ixx
  Task4_f1.ixx
  Task4_f2.ixx
  Task4_a.ixx
  Task4_f3.ixx
  Task4_f4.ixx
  Компиляция…
  student.1bib21041.Lab2.Variant7.Task1.ixx
  student1.1bib21041.Lab2.Variant7.Task2.ixx
  student2.1bib21041.Lab2.Variant7.Task3.ixx
  student4.1bib21041.Lab2.Variant7.Task5.ixx
  Task4_f1.ixx
  Task4_f2.ixx
  Task4_a.ixx
  Task4_f3.ixx
  Task4_f4.ixx
  student3.1bib21041.Lab2.Variant7.Task4.ixx
  main.cpp
C:\Users\Максим\Desktop\учеба\RPBO\Лаб 2 РБПО\main.cpp(13,12): warning C4101: y: неиспользованная локальная переменная
  Task2.cpp
  Task3.a.cpp
C:\Users\Максим\Desktop\учеба\RPBO\Лаб 2 РБПО\Task3.a.cpp(2,16): warning C5201: объявление модуля может располагаться только в начале единицы трансляции, если только не используется фрагмент глобального модуля
  Task3.f1.cpp
C:\Users\Максим\Desktop\учеба\RPBO\Лаб 2 РБПО\Task3.f1.cpp(2,16): warning C5201: объявление модуля может располагаться только в начале единицы трансляции, если только не используется фрагмент глобального модуля
  Task3.f2.cpp
  Task3.f3.cpp
C:\Users\Максим\Desktop\учеба\RPBO\Лаб 2 РБПО\Task3.f3.cpp(2,16): warning C5201: объявление модуля может располагаться только в начале единицы трансляции, если только не используется фрагмент глобального модуля
  Task3.f4.cpp
C:\Users\Максим\Desktop\учеба\RPBO\Лаб 2 РБПО\Task3.f4.cpp(2,16): warning C5201: объявление модуля может располагаться только в начале единицы трансляции, если только не используется фрагмент глобального модуля
  Создание кода...
  RBPO_lab2.vcxproj -> C:\Users\Максим\Desktop\учеба\RPBO\Лаб 2 РБПО\x64\Debug\RBPO_lab2.exe
